[2019-10-26T22:34:37.069] [INFO] report - =============== Complex_S1_sim ===============
[2019-10-26T22:34:37.071] [INFO] report - tpdr=7.71736e-010 | tpdf=3.93245e-008
[2019-10-26T22:34:37.071] [INFO] report - =============== Complex_S1_sim_T0_C149fF ===============
[2019-10-26T22:34:37.071] [INFO] report - tpdr=4.83759e-010 | tpdf=3.96164e-008
[2019-10-26T22:34:37.071] [INFO] report - =============== Complex_S1_sim_T0_C298fF ===============
[2019-10-26T22:34:37.071] [INFO] report - tpdr=9.0994e-010 | tpdf=3.91855e-008
[2019-10-26T22:34:37.071] [INFO] report - =============== Complex_S1_sim_T0_C37.3fF ===============
[2019-10-26T22:34:37.071] [INFO] report - tpdr=1.66945e-010 | tpdf=3.99371e-008
[2019-10-26T22:34:37.071] [INFO] report - =============== Complex_S1_sim_T0_C74.6fF ===============
[2019-10-26T22:34:37.071] [INFO] report - tpdr=2.72593e-010 | tpdf=3.98293e-008
[2019-10-26T22:34:37.071] [INFO] report - =============== Complex_S1_sim_T1333.3_C149fF ===============
[2019-10-26T22:34:37.071] [INFO] report - tpdr=4.83759e-010 | tpdf=3.96164e-008
[2019-10-26T22:34:37.071] [INFO] report - =============== Complex_S1_sim_T1333.3_C298fF ===============
[2019-10-26T22:34:37.071] [INFO] report - tpdr=9.0994e-010 | tpdf=3.91855e-008
[2019-10-26T22:34:37.071] [INFO] report - =============== Complex_S1_sim_T1333.3_C37.3fF ===============
[2019-10-26T22:34:37.071] [INFO] report - tpdr=1.66945e-010 | tpdf=3.99371e-008
[2019-10-26T22:34:37.071] [INFO] report - =============== Complex_S1_sim_T166.7_C149fF ===============
[2019-10-26T22:34:37.071] [INFO] report - tpdr=4.83759e-010 | tpdf=3.96164e-008
[2019-10-26T22:34:37.071] [INFO] report - =============== Complex_S1_sim_T1333.3_C74.6fF ===============
[2019-10-26T22:34:37.071] [INFO] report - tpdr=2.72593e-010 | tpdf=3.98293e-008
[2019-10-26T22:34:37.072] [INFO] report - =============== Complex_S1_sim_T166.7_C298fF ===============
[2019-10-26T22:34:37.072] [INFO] report - tpdr=9.0994e-010 | tpdf=3.91855e-008
[2019-10-26T22:34:37.072] [INFO] report - =============== Complex_S1_sim_T166.7_C37.3fF ===============
[2019-10-26T22:34:37.072] [INFO] report - tpdr=1.66945e-010 | tpdf=3.99371e-008
[2019-10-26T22:34:37.072] [INFO] report - =============== Complex_S1_sim_T166.7_C74.6fF ===============
[2019-10-26T22:34:37.072] [INFO] report - tpdr=2.72593e-010 | tpdf=3.98293e-008
[2019-10-26T22:34:37.072] [INFO] report - =============== Complex_S1_sim_T1n_C149fF ===============
[2019-10-26T22:34:37.072] [INFO] report - tpdr=4.83759e-010 | tpdf=3.96164e-008
[2019-10-26T22:34:37.072] [INFO] report - =============== Complex_S1_sim_T1n_C298fF ===============
[2019-10-26T22:34:37.072] [INFO] report - tpdr=9.0994e-010 | tpdf=3.91855e-008
[2019-10-26T22:34:37.072] [INFO] report - =============== Complex_S1_sim_T1n_C37.3fF ===============
[2019-10-26T22:34:37.072] [INFO] report - tpdr=1.66945e-010 | tpdf=3.99371e-008
[2019-10-26T22:34:37.072] [INFO] report - =============== Complex_S1_sim_T1n_C74.6fF ===============
[2019-10-26T22:34:37.072] [INFO] report - tpdr=2.72593e-010 | tpdf=3.98293e-008
[2019-10-26T22:34:37.072] [INFO] report - =============== Complex_S1_sim_T666.7_C149fF ===============
[2019-10-26T22:34:37.072] [INFO] report - tpdr=4.83759e-010 | tpdf=3.96164e-008
[2019-10-26T22:34:37.072] [INFO] report - =============== Complex_S1_sim_T666.7_C298fF ===============
[2019-10-26T22:34:37.072] [INFO] report - tpdr=9.0994e-010 | tpdf=3.91855e-008
[2019-10-26T22:34:37.072] [INFO] report - =============== Complex_S1_sim_T666.7_C37.3fF ===============
[2019-10-26T22:34:37.072] [INFO] report - tpdr=1.66945e-010 | tpdf=3.99371e-008
[2019-10-26T22:34:37.072] [INFO] report - =============== Complex_S1_sim_T666.7_C74.6fF ===============
[2019-10-26T22:34:37.072] [INFO] report - tpdr=2.72593e-010 | tpdf=3.98293e-008
[2019-10-26T22:35:39.130] [INFO] report - =============== Complex_S2_sim ===============
[2019-10-26T22:35:39.132] [INFO] report - tpdr=4.16861e-010 | tpdf=3.96386e-008
[2019-10-26T22:35:39.132] [INFO] report - =============== Complex_S2_sim_T0_C149fF ===============
[2019-10-26T22:35:39.132] [INFO] report - tpdr=2.727e-010 | tpdf=3.97995e-008
[2019-10-26T22:35:39.132] [INFO] report - =============== Complex_S2_sim_T0_C298fF ===============
[2019-10-26T22:35:39.132] [INFO] report - tpdr=4.85289e-010 | tpdf=3.95612e-008
[2019-10-26T22:35:39.132] [INFO] report - =============== Complex_S2_sim_T0_C74.6fF ===============
[2019-10-26T22:35:39.132] [INFO] report - tpdr=1.64068e-010 | tpdf=3.99193e-008
[2019-10-26T22:35:39.132] [INFO] report - =============== Complex_S2_sim_T0_C37.3fF ===============
[2019-10-26T22:35:39.132] [INFO] report - tpdr=1.11302e-010 | tpdf=3.99802e-008
[2019-10-26T22:35:39.132] [INFO] report - =============== Complex_S2_sim_T1333.3_C298fF ===============
[2019-10-26T22:35:39.132] [INFO] report - tpdr=4.85289e-010 | tpdf=3.95612e-008
[2019-10-26T22:35:39.132] [INFO] report - =============== Complex_S2_sim_T1333.3_C149fF ===============
[2019-10-26T22:35:39.132] [INFO] report - tpdr=2.727e-010 | tpdf=3.97995e-008
[2019-10-26T22:35:39.132] [INFO] report - =============== Complex_S2_sim_T1333.3_C37.3fF ===============
[2019-10-26T22:35:39.132] [INFO] report - tpdr=1.11302e-010 | tpdf=3.99802e-008
[2019-10-26T22:35:39.132] [INFO] report - =============== Complex_S2_sim_T1333.3_C74.6fF ===============
[2019-10-26T22:35:39.133] [INFO] report - tpdr=1.64068e-010 | tpdf=3.99193e-008
[2019-10-26T22:35:39.133] [INFO] report - =============== Complex_S2_sim_T166.7_C149fF ===============
[2019-10-26T22:35:39.133] [INFO] report - tpdr=2.727e-010 | tpdf=3.97995e-008
[2019-10-26T22:35:39.133] [INFO] report - =============== Complex_S2_sim_T166.7_C298fF ===============
[2019-10-26T22:35:39.133] [INFO] report - tpdr=4.85289e-010 | tpdf=3.95612e-008
[2019-10-26T22:35:39.133] [INFO] report - =============== Complex_S2_sim_T166.7_C37.3fF ===============
[2019-10-26T22:35:39.133] [INFO] report - tpdr=1.11302e-010 | tpdf=3.99802e-008
[2019-10-26T22:35:39.133] [INFO] report - =============== Complex_S2_sim_T166.7_C74.6fF ===============
[2019-10-26T22:35:39.133] [INFO] report - tpdr=1.64068e-010 | tpdf=3.99193e-008
[2019-10-26T22:35:39.133] [INFO] report - =============== Complex_S2_sim_T1n_C149fF ===============
[2019-10-26T22:35:39.133] [INFO] report - tpdr=2.727e-010 | tpdf=3.97995e-008
[2019-10-26T22:35:39.133] [INFO] report - =============== Complex_S2_sim_T1n_C298fF ===============
[2019-10-26T22:35:39.133] [INFO] report - tpdr=4.85289e-010 | tpdf=3.95612e-008
[2019-10-26T22:35:39.133] [INFO] report - =============== Complex_S2_sim_T1n_C37.3fF ===============
[2019-10-26T22:35:39.133] [INFO] report - tpdr=1.11302e-010 | tpdf=3.99802e-008
[2019-10-26T22:35:39.133] [INFO] report - =============== Complex_S2_sim_T1n_C74.6fF ===============
[2019-10-26T22:35:39.133] [INFO] report - tpdr=1.64068e-010 | tpdf=3.99193e-008
[2019-10-26T22:35:39.133] [INFO] report - =============== Complex_S2_sim_T666.7_C149fF ===============
[2019-10-26T22:35:39.133] [INFO] report - tpdr=2.727e-010 | tpdf=3.97995e-008
[2019-10-26T22:35:39.133] [INFO] report - =============== Complex_S2_sim_T666.7_C298fF ===============
[2019-10-26T22:35:39.133] [INFO] report - tpdr=4.85289e-010 | tpdf=3.95612e-008
[2019-10-26T22:35:39.133] [INFO] report - =============== Complex_S2_sim_T666.7_C37.3fF ===============
[2019-10-26T22:35:39.133] [INFO] report - tpdr=1.11302e-010 | tpdf=3.99802e-008
[2019-10-26T22:35:39.133] [INFO] report - =============== Complex_S2_sim_T666.7_C74.6fF ===============
[2019-10-26T22:35:39.133] [INFO] report - tpdr=1.64068e-010 | tpdf=3.99193e-008
[2019-10-26T22:36:33.509] [INFO] report - =============== Complex_S4_sim ===============
[2019-10-26T22:36:33.510] [INFO] report - tpdr=2.44328e-010 | tpdf=3.9825e-008
[2019-10-26T22:36:33.511] [INFO] report - =============== Complex_S4_sim_T0_C149fF ===============
[2019-10-26T22:36:33.511] [INFO] report - tpdr=1.67532e-010 | tpdf=3.99118e-008
[2019-10-26T22:36:33.511] [INFO] report - =============== Complex_S4_sim_T0_C298fF ===============
[2019-10-26T22:36:33.511] [INFO] report - tpdr=2.80291e-010 | tpdf=3.97847e-008
[2019-10-26T22:36:33.511] [INFO] report - =============== Complex_S4_sim_T0_C37.3fF ===============
[2019-10-26T22:36:33.511] [INFO] report - tpdr=8.73155e-011 | tpdf=4.00059e-008
[2019-10-26T22:36:33.511] [INFO] report - =============== Complex_S4_sim_T0_C74.6fF ===============
[2019-10-26T22:36:33.511] [INFO] report - tpdr=1.1237e-010 | tpdf=3.99752e-008
[2019-10-26T22:36:33.511] [INFO] report - =============== Complex_S4_sim_T1333.3_C149fF ===============
[2019-10-26T22:36:33.511] [INFO] report - tpdr=1.67532e-010 | tpdf=3.99118e-008
[2019-10-26T22:36:33.511] [INFO] report - =============== Complex_S4_sim_T1333.3_C298fF ===============
[2019-10-26T22:36:33.511] [INFO] report - tpdr=2.80291e-010 | tpdf=3.97847e-008
[2019-10-26T22:36:33.511] [INFO] report - =============== Complex_S4_sim_T1333.3_C37.3fF ===============
[2019-10-26T22:36:33.511] [INFO] report - tpdr=8.73155e-011 | tpdf=4.00059e-008
[2019-10-26T22:36:33.511] [INFO] report - =============== Complex_S4_sim_T1333.3_C74.6fF ===============
[2019-10-26T22:36:33.511] [INFO] report - tpdr=1.1237e-010 | tpdf=3.99752e-008
[2019-10-26T22:36:33.511] [INFO] report - =============== Complex_S4_sim_T166.7_C149fF ===============
[2019-10-26T22:36:33.511] [INFO] report - tpdr=1.67532e-010 | tpdf=3.99118e-008
[2019-10-26T22:36:33.511] [INFO] report - =============== Complex_S4_sim_T166.7_C298fF ===============
[2019-10-26T22:36:33.511] [INFO] report - tpdr=2.80291e-010 | tpdf=3.97847e-008
[2019-10-26T22:36:33.511] [INFO] report - =============== Complex_S4_sim_T166.7_C37.3fF ===============
[2019-10-26T22:36:33.511] [INFO] report - tpdr=8.73155e-011 | tpdf=4.00059e-008
[2019-10-26T22:36:33.511] [INFO] report - =============== Complex_S4_sim_T166.7_C74.6fF ===============
[2019-10-26T22:36:33.511] [INFO] report - tpdr=1.1237e-010 | tpdf=3.99752e-008
[2019-10-26T22:36:33.511] [INFO] report - =============== Complex_S4_sim_T1n_C149fF ===============
[2019-10-26T22:36:33.511] [INFO] report - tpdr=1.67532e-010 | tpdf=3.99118e-008
[2019-10-26T22:36:33.511] [INFO] report - =============== Complex_S4_sim_T1n_C298fF ===============
[2019-10-26T22:36:33.511] [INFO] report - tpdr=2.80291e-010 | tpdf=3.97847e-008
[2019-10-26T22:36:33.511] [INFO] report - =============== Complex_S4_sim_T1n_C37.3fF ===============
[2019-10-26T22:36:33.511] [INFO] report - tpdr=8.73155e-011 | tpdf=4.00059e-008
[2019-10-26T22:36:33.512] [INFO] report - =============== Complex_S4_sim_T1n_C74.6fF ===============
[2019-10-26T22:36:33.512] [INFO] report - tpdr=1.1237e-010 | tpdf=3.99752e-008
[2019-10-26T22:36:33.512] [INFO] report - =============== Complex_S4_sim_T666.7_C149fF ===============
[2019-10-26T22:36:33.512] [INFO] report - tpdr=1.67532e-010 | tpdf=3.99118e-008
[2019-10-26T22:36:33.512] [INFO] report - =============== Complex_S4_sim_T666.7_C298fF ===============
[2019-10-26T22:36:33.512] [INFO] report - tpdr=2.80291e-010 | tpdf=3.97847e-008
[2019-10-26T22:36:33.512] [INFO] report - =============== Complex_S4_sim_T666.7_C74.6fF ===============
[2019-10-26T22:36:33.512] [INFO] report - tpdr=1.1237e-010 | tpdf=3.99752e-008
[2019-10-26T22:36:33.512] [INFO] report - =============== Complex_S4_sim_T666.7_C37.3fF ===============
[2019-10-26T22:36:33.512] [INFO] report - tpdr=8.73155e-011 | tpdf=4.00059e-008
[2019-10-26T22:39:58.313] [INFO] report - =============== inverter_1_S1_sim ===============
[2019-10-26T22:39:58.314] [INFO] report - tpdr=8.64838e-010 | tpdf=9.07661e-010
[2019-10-26T22:39:58.315] [INFO] report - =============== inverter_1_S1_sim_T0_C149fF ===============
[2019-10-26T22:39:58.315] [INFO] report - tpdr=5.9064e-010 | tpdf=6.01154e-010
[2019-10-26T22:39:58.315] [INFO] report - =============== inverter_1_S1_sim_T0_C298fF ===============
[2019-10-26T22:39:58.315] [INFO] report - tpdr=9.94903e-010 | tpdf=1.05567e-009
[2019-10-26T22:39:58.315] [INFO] report - =============== inverter_1_S1_sim_T0_C37.3fF ===============
[2019-10-26T22:39:58.315] [INFO] report - tpdr=2.63799e-010 | tpdf=2.43701e-010
[2019-10-26T22:39:58.315] [INFO] report - =============== inverter_1_S1_sim_T0_C74.6fF ===============
[2019-10-26T22:39:58.315] [INFO] report - tpdr=3.85361e-010 | tpdf=3.76491e-010
[2019-10-26T22:39:58.315] [INFO] report - =============== inverter_1_S1_sim_T1333.3_C149fF ===============
[2019-10-26T22:39:58.315] [INFO] report - FAIL | FAIL
[2019-10-26T22:39:58.315] [INFO] report - =============== inverter_1_S1_sim_T1333.3_C298fF ===============
[2019-10-26T22:39:58.315] [INFO] report - FAIL | FAIL
[2019-10-26T22:39:58.315] [INFO] report - =============== inverter_1_S1_sim_T1333.3_C37.3fF ===============
[2019-10-26T22:39:58.315] [INFO] report - FAIL | FAIL
[2019-10-26T22:39:58.315] [INFO] report - =============== inverter_1_S1_sim_T1333.3_C74.6fF ===============
[2019-10-26T22:39:58.315] [INFO] report - FAIL | FAIL
[2019-10-26T22:39:58.315] [INFO] report - =============== inverter_1_S1_sim_T166.7_C149fF ===============
[2019-10-26T22:39:58.315] [INFO] report - FAIL | FAIL
[2019-10-26T22:39:58.315] [INFO] report - =============== inverter_1_S1_sim_T166.7_C298fF ===============
[2019-10-26T22:39:58.315] [INFO] report - FAIL | FAIL
[2019-10-26T22:39:58.315] [INFO] report - =============== inverter_1_S1_sim_T166.7_C37.3fF ===============
[2019-10-26T22:39:58.315] [INFO] report - FAIL | FAIL
[2019-10-26T22:39:58.315] [INFO] report - =============== inverter_1_S1_sim_T166.7_C74.6fF ===============
[2019-10-26T22:39:58.315] [INFO] report - FAIL | FAIL
[2019-10-26T22:39:58.315] [INFO] report - =============== inverter_1_S1_sim_T1n_C149fF ===============
[2019-10-26T22:39:58.315] [INFO] report - tpdr=5.9064e-010 | tpdf=6.01154e-010
[2019-10-26T22:39:58.315] [INFO] report - =============== inverter_1_S1_sim_T1n_C298fF ===============
[2019-10-26T22:39:58.315] [INFO] report - tpdr=9.94903e-010 | tpdf=1.05567e-009
[2019-10-26T22:39:58.315] [INFO] report - =============== inverter_1_S1_sim_T1n_C37.3fF ===============
[2019-10-26T22:39:58.315] [INFO] report - tpdr=2.63799e-010 | tpdf=2.43701e-010
[2019-10-26T22:39:58.315] [INFO] report - =============== inverter_1_S1_sim_T1n_C74.6fF ===============
[2019-10-26T22:39:58.315] [INFO] report - tpdr=3.85361e-010 | tpdf=3.76491e-010
[2019-10-26T22:39:58.315] [INFO] report - =============== inverter_1_S1_sim_T666.7_C298fF ===============
[2019-10-26T22:39:58.316] [INFO] report - FAIL | FAIL
[2019-10-26T22:39:58.316] [INFO] report - =============== inverter_1_S1_sim_T666.7_C37.3fF ===============
[2019-10-26T22:39:58.316] [INFO] report - FAIL | FAIL
[2019-10-26T22:39:58.316] [INFO] report - =============== inverter_1_S1_sim_T666.7_C149fF ===============
[2019-10-26T22:39:58.316] [INFO] report - FAIL | FAIL
[2019-10-26T22:39:58.316] [INFO] report - =============== inverter_1_S1_sim_T666.7_C74.6fF ===============
[2019-10-26T22:39:58.316] [INFO] report - FAIL | FAIL
[2019-10-26T22:57:53.053] [INFO] report - =============== inverter_1_S2_sim ===============
[2019-10-26T22:57:53.055] [INFO] report - FAIL | FAIL
[2019-10-26T22:57:53.055] [INFO] report - =============== inverter_1_S2_sim_T0_C149fF ===============
[2019-10-26T22:57:53.055] [INFO] report - FAIL | FAIL
[2019-10-26T22:57:53.055] [INFO] report - =============== inverter_1_S2_sim_T0_C298fF ===============
[2019-10-26T22:57:53.055] [INFO] report - FAIL | FAIL
[2019-10-26T22:57:53.055] [INFO] report - =============== inverter_1_S2_sim_T0_C37.3fF ===============
[2019-10-26T22:57:53.055] [INFO] report - FAIL | FAIL
[2019-10-26T22:57:53.055] [INFO] report - =============== inverter_1_S2_sim_T0_C74.6fF ===============
[2019-10-26T22:57:53.055] [INFO] report - FAIL | FAIL
[2019-10-26T22:57:53.055] [INFO] report - =============== inverter_1_S2_sim_T1333.3_C149fF ===============
[2019-10-26T22:57:53.055] [INFO] report - FAIL | FAIL
[2019-10-26T22:57:53.055] [INFO] report - =============== inverter_1_S2_sim_T1333.3_C298fF ===============
[2019-10-26T22:57:53.055] [INFO] report - FAIL | FAIL
[2019-10-26T22:57:53.055] [INFO] report - =============== inverter_1_S2_sim_T1333.3_C37.3fF ===============
[2019-10-26T22:57:53.055] [INFO] report - FAIL | FAIL
[2019-10-26T22:57:53.055] [INFO] report - =============== inverter_1_S2_sim_T1333.3_C74.6fF ===============
[2019-10-26T22:57:53.055] [INFO] report - FAIL | FAIL
[2019-10-26T22:57:53.055] [INFO] report - =============== inverter_1_S2_sim_T166.7_C149fF ===============
[2019-10-26T22:57:53.055] [INFO] report - FAIL | FAIL
[2019-10-26T22:57:53.056] [INFO] report - =============== inverter_1_S2_sim_T166.7_C298fF ===============
[2019-10-26T22:57:53.056] [INFO] report - FAIL | FAIL
[2019-10-26T22:57:53.056] [INFO] report - =============== inverter_1_S2_sim_T166.7_C37.3fF ===============
[2019-10-26T22:57:53.056] [INFO] report - FAIL | FAIL
[2019-10-26T22:57:53.056] [INFO] report - =============== inverter_1_S2_sim_T166.7_C74.6fF ===============
[2019-10-26T22:57:53.056] [INFO] report - FAIL | FAIL
[2019-10-26T22:57:53.056] [INFO] report - =============== inverter_1_S2_sim_T1n_C149fF ===============
[2019-10-26T22:57:53.056] [INFO] report - FAIL | FAIL
[2019-10-26T22:57:53.056] [INFO] report - =============== inverter_1_S2_sim_T1n_C298fF ===============
[2019-10-26T22:57:53.056] [INFO] report - FAIL | FAIL
[2019-10-26T22:57:53.056] [INFO] report - =============== inverter_1_S2_sim_T1n_C37.3fF ===============
[2019-10-26T22:57:53.056] [INFO] report - FAIL | FAIL
[2019-10-26T22:57:53.056] [INFO] report - =============== inverter_1_S2_sim_T1n_C74.6fF ===============
[2019-10-26T22:57:53.056] [INFO] report - FAIL | FAIL
[2019-10-26T22:57:53.056] [INFO] report - =============== inverter_1_S2_sim_T666.7_C149fF ===============
[2019-10-26T22:57:53.056] [INFO] report - FAIL | FAIL
[2019-10-26T22:57:53.056] [INFO] report - =============== inverter_1_S2_sim_T666.7_C298fF ===============
[2019-10-26T22:57:53.056] [INFO] report - FAIL | FAIL
[2019-10-26T22:57:53.056] [INFO] report - =============== inverter_1_S2_sim_T666.7_C37.3fF ===============
[2019-10-26T22:57:53.056] [INFO] report - FAIL | FAIL
[2019-10-26T22:57:53.056] [INFO] report - =============== inverter_1_S2_sim_T666.7_C74.6fF ===============
[2019-10-26T22:57:53.056] [INFO] report - FAIL | FAIL
[2019-10-26T22:53:17.310] [INFO] report - =============== inverter_1_S4_sim ===============
[2019-10-26T22:53:17.311] [INFO] report - tpdr=3.61429e-010 | tpdf=4.26591e-010
[2019-10-26T22:53:17.312] [INFO] report - =============== inverter_1_S4_sim_T0_C149fF ===============
[2019-10-26T22:53:17.312] [INFO] report - tpdr=2.66715e-010 | tpdf=3.1364e-010
[2019-10-26T22:53:17.312] [INFO] report - =============== inverter_1_S4_sim_T0_C298fF ===============
[2019-10-26T22:53:17.312] [INFO] report - tpdr=4.01477e-010 | tpdf=4.77185e-010
[2019-10-26T22:53:17.312] [INFO] report - =============== inverter_1_S4_sim_T0_C37.3fF ===============
[2019-10-26T22:53:17.312] [INFO] report - tpdr=1.19894e-010 | tpdf=1.53678e-010
[2019-10-26T22:53:17.312] [INFO] report - =============== inverter_1_S4_sim_T0_C74.6fF ===============
[2019-10-26T22:53:17.312] [INFO] report - tpdr=1.78109e-010 | tpdf=2.15628e-010
[2019-10-26T22:53:17.312] [INFO] report - =============== inverter_1_S4_sim_T1333.3_C149fF ===============
[2019-10-26T22:53:17.312] [INFO] report - FAIL | FAIL
[2019-10-26T22:53:17.312] [INFO] report - =============== inverter_1_S4_sim_T1333.3_C298fF ===============
[2019-10-26T22:53:17.312] [INFO] report - FAIL | FAIL
[2019-10-26T22:53:17.312] [INFO] report - =============== inverter_1_S4_sim_T1333.3_C37.3fF ===============
[2019-10-26T22:53:17.312] [INFO] report - FAIL | FAIL
[2019-10-26T22:53:17.312] [INFO] report - =============== inverter_1_S4_sim_T1333.3_C74.6fF ===============
[2019-10-26T22:53:17.312] [INFO] report - FAIL | FAIL
[2019-10-26T22:53:17.312] [INFO] report - =============== inverter_1_S4_sim_T166.7_C149fF ===============
[2019-10-26T22:53:17.312] [INFO] report - FAIL | FAIL
[2019-10-26T22:53:17.312] [INFO] report - =============== inverter_1_S4_sim_T166.7_C298fF ===============
[2019-10-26T22:53:17.312] [INFO] report - FAIL | FAIL
[2019-10-26T22:53:17.312] [INFO] report - =============== inverter_1_S4_sim_T166.7_C37.3fF ===============
[2019-10-26T22:53:17.312] [INFO] report - FAIL | FAIL
[2019-10-26T22:53:17.312] [INFO] report - =============== inverter_1_S4_sim_T166.7_C74.6fF ===============
[2019-10-26T22:53:17.312] [INFO] report - FAIL | FAIL
[2019-10-26T22:53:17.312] [INFO] report - =============== inverter_1_S4_sim_T1n_C149fF ===============
[2019-10-26T22:53:17.312] [INFO] report - tpdr=2.66715e-010 | tpdf=3.1364e-010
[2019-10-26T22:53:17.312] [INFO] report - =============== inverter_1_S4_sim_T1n_C298fF ===============
[2019-10-26T22:53:17.312] [INFO] report - tpdr=4.01477e-010 | tpdf=4.77185e-010
[2019-10-26T22:53:17.312] [INFO] report - =============== inverter_1_S4_sim_T1n_C37.3fF ===============
[2019-10-26T22:53:17.312] [INFO] report - tpdr=1.19894e-010 | tpdf=1.53678e-010
[2019-10-26T22:53:17.312] [INFO] report - =============== inverter_1_S4_sim_T1n_C74.6fF ===============
[2019-10-26T22:53:17.312] [INFO] report - tpdr=1.78109e-010 | tpdf=2.15628e-010
[2019-10-26T22:53:17.313] [INFO] report - =============== inverter_1_S4_sim_T666.7_C149fF ===============
[2019-10-26T22:53:17.313] [INFO] report - FAIL | FAIL
[2019-10-26T22:53:17.313] [INFO] report - =============== inverter_1_S4_sim_T666.7_C298fF ===============
[2019-10-26T22:53:17.313] [INFO] report - FAIL | FAIL
[2019-10-26T22:53:17.313] [INFO] report - =============== inverter_1_S4_sim_T666.7_C37.3fF ===============
[2019-10-26T22:53:17.313] [INFO] report - FAIL | FAIL
[2019-10-26T22:53:17.313] [INFO] report - =============== inverter_1_S4_sim_T666.7_C74.6fF ===============
[2019-10-26T22:53:17.313] [INFO] report - FAIL | FAIL
[2019-10-26T22:54:23.218] [INFO] report - =============== inverter_1_S8_sim ===============
[2019-10-26T22:54:23.220] [INFO] report - tpdr=2.407e-010 | tpdf=2.96434e-010
[2019-10-26T22:54:23.220] [INFO] report - =============== inverter_1_S8_sim_T0_C149fF ===============
[2019-10-26T22:54:23.220] [INFO] report - tpdr=1.76587e-010 | tpdf=2.25888e-010
[2019-10-26T22:54:23.220] [INFO] report - =============== inverter_1_S8_sim_T0_C298fF ===============
[2019-10-26T22:54:23.220] [INFO] report - tpdr=2.67267e-010 | tpdf=3.26582e-010
[2019-10-26T22:54:23.220] [INFO] report - =============== inverter_1_S8_sim_T0_C37.3fF ===============
[2019-10-26T22:54:23.220] [INFO] report - tpdr=7.7557e-011 | tpdf=1.21718e-010
[2019-10-26T22:54:23.220] [INFO] report - =============== inverter_1_S8_sim_T0_C74.6fF ===============
[2019-10-26T22:54:23.220] [INFO] report - tpdr=1.166e-010 | tpdf=1.61858e-010
[2019-10-26T22:54:23.220] [INFO] report - =============== inverter_1_S8_sim_T1333.3_C149fF ===============
[2019-10-26T22:54:23.220] [INFO] report - FAIL | FAIL
[2019-10-26T22:54:23.220] [INFO] report - =============== inverter_1_S8_sim_T1333.3_C298fF ===============
[2019-10-26T22:54:23.220] [INFO] report - FAIL | FAIL
[2019-10-26T22:54:23.220] [INFO] report - =============== inverter_1_S8_sim_T1333.3_C37.3fF ===============
[2019-10-26T22:54:23.220] [INFO] report - FAIL | FAIL
[2019-10-26T22:54:23.220] [INFO] report - =============== inverter_1_S8_sim_T1333.3_C74.6fF ===============
[2019-10-26T22:54:23.220] [INFO] report - FAIL | FAIL
[2019-10-26T22:54:23.220] [INFO] report - =============== inverter_1_S8_sim_T166.7_C149fF ===============
[2019-10-26T22:54:23.220] [INFO] report - FAIL | FAIL
[2019-10-26T22:54:23.220] [INFO] report - =============== inverter_1_S8_sim_T166.7_C298fF ===============
[2019-10-26T22:54:23.220] [INFO] report - FAIL | FAIL
[2019-10-26T22:54:23.220] [INFO] report - =============== inverter_1_S8_sim_T166.7_C37.3fF ===============
[2019-10-26T22:54:23.220] [INFO] report - FAIL | FAIL
[2019-10-26T22:54:23.220] [INFO] report - =============== inverter_1_S8_sim_T166.7_C74.6fF ===============
[2019-10-26T22:54:23.221] [INFO] report - FAIL | FAIL
[2019-10-26T22:54:23.221] [INFO] report - =============== inverter_1_S8_sim_T1n_C149fF ===============
[2019-10-26T22:54:23.221] [INFO] report - tpdr=1.76587e-010 | tpdf=2.25888e-010
[2019-10-26T22:54:23.221] [INFO] report - =============== inverter_1_S8_sim_T1n_C298fF ===============
[2019-10-26T22:54:23.221] [INFO] report - tpdr=2.67267e-010 | tpdf=3.26582e-010
[2019-10-26T22:54:23.221] [INFO] report - =============== inverter_1_S8_sim_T1n_C37.3fF ===============
[2019-10-26T22:54:23.221] [INFO] report - tpdr=7.7557e-011 | tpdf=1.21718e-010
[2019-10-26T22:54:23.221] [INFO] report - =============== inverter_1_S8_sim_T1n_C74.6fF ===============
[2019-10-26T22:54:23.221] [INFO] report - tpdr=1.166e-010 | tpdf=1.61858e-010
[2019-10-26T22:54:23.221] [INFO] report - =============== inverter_1_S8_sim_T666.7_C149fF ===============
[2019-10-26T22:54:23.221] [INFO] report - FAIL | FAIL
[2019-10-26T22:54:23.221] [INFO] report - =============== inverter_1_S8_sim_T666.7_C298fF ===============
[2019-10-26T22:54:23.221] [INFO] report - FAIL | FAIL
[2019-10-26T22:54:23.221] [INFO] report - =============== inverter_1_S8_sim_T666.7_C37.3fF ===============
[2019-10-26T22:54:23.221] [INFO] report - FAIL | FAIL
[2019-10-26T22:54:23.221] [INFO] report - =============== inverter_1_S8_sim_T666.7_C74.6fF ===============
[2019-10-26T22:54:23.221] [INFO] report - FAIL | FAIL
[2019-10-26T22:42:01.973] [INFO] report - =============== NAND_3_S1_sim ===============
[2019-10-26T22:42:01.974] [INFO] report - tpdr=8.79702e-010 | tpdf=7.81581e-010
[2019-10-26T22:42:01.975] [INFO] report - =============== NAND_3_S1_sim_T0_C149fF ===============
[2019-10-26T22:42:01.975] [INFO] report - tpdr=6.07145e-010 | tpdf=5.20168e-010
[2019-10-26T22:42:01.975] [INFO] report - =============== NAND_3_S1_sim_T0_C298fF ===============
[2019-10-26T22:42:01.975] [INFO] report - tpdr=1.00927e-009 | tpdf=9.07554e-010
[2019-10-26T22:42:01.975] [INFO] report - =============== NAND_3_S1_sim_T0_C37.3fF ===============
[2019-10-26T22:42:01.975] [INFO] report - tpdr=2.91358e-010 | tpdf=1.97172e-010
[2019-10-26T22:42:01.975] [INFO] report - =============== NAND_3_S1_sim_T0_C74.6fF ===============
[2019-10-26T22:42:01.975] [INFO] report - tpdr=4.0586e-010 | tpdf=3.18526e-010
[2019-10-26T22:42:01.975] [INFO] report - =============== NAND_3_S1_sim_T1333.3_C149fF ===============
[2019-10-26T22:42:01.975] [INFO] report - FAIL | FAIL
[2019-10-26T22:42:01.975] [INFO] report - =============== NAND_3_S1_sim_T1333.3_C298fF ===============
[2019-10-26T22:42:01.975] [INFO] report - FAIL | FAIL
[2019-10-26T22:42:01.975] [INFO] report - =============== NAND_3_S1_sim_T1333.3_C37.3fF ===============
[2019-10-26T22:42:01.975] [INFO] report - FAIL | FAIL
[2019-10-26T22:42:01.975] [INFO] report - =============== NAND_3_S1_sim_T1333.3_C74.6fF ===============
[2019-10-26T22:42:01.975] [INFO] report - FAIL | FAIL
[2019-10-26T22:42:01.975] [INFO] report - =============== NAND_3_S1_sim_T166.7_C149fF ===============
[2019-10-26T22:42:01.975] [INFO] report - FAIL | FAIL
[2019-10-26T22:42:01.975] [INFO] report - =============== NAND_3_S1_sim_T166.7_C298fF ===============
[2019-10-26T22:42:01.975] [INFO] report - FAIL | FAIL
[2019-10-26T22:42:01.975] [INFO] report - =============== NAND_3_S1_sim_T166.7_C37.3fF ===============
[2019-10-26T22:42:01.975] [INFO] report - FAIL | FAIL
[2019-10-26T22:42:01.975] [INFO] report - =============== NAND_3_S1_sim_T1n_C149fF ===============
[2019-10-26T22:42:01.975] [INFO] report - tpdr=6.07145e-010 | tpdf=5.20168e-010
[2019-10-26T22:42:01.976] [INFO] report - =============== NAND_3_S1_sim_T166.7_C74.6fF ===============
[2019-10-26T22:42:01.976] [INFO] report - FAIL | FAIL
[2019-10-26T22:42:01.976] [INFO] report - =============== NAND_3_S1_sim_T1n_C298fF ===============
[2019-10-26T22:42:01.976] [INFO] report - tpdr=1.00927e-009 | tpdf=9.07554e-010
[2019-10-26T22:42:01.976] [INFO] report - =============== NAND_3_S1_sim_T1n_C37.3fF ===============
[2019-10-26T22:42:01.976] [INFO] report - tpdr=2.91358e-010 | tpdf=1.97172e-010
[2019-10-26T22:42:01.976] [INFO] report - =============== NAND_3_S1_sim_T1n_C74.6fF ===============
[2019-10-26T22:42:01.976] [INFO] report - tpdr=4.0586e-010 | tpdf=3.18526e-010
[2019-10-26T22:42:01.976] [INFO] report - =============== NAND_3_S1_sim_T666.7_C149fF ===============
[2019-10-26T22:42:01.976] [INFO] report - FAIL | FAIL
[2019-10-26T22:42:01.976] [INFO] report - =============== NAND_3_S1_sim_T666.7_C298fF ===============
[2019-10-26T22:42:01.976] [INFO] report - FAIL | FAIL
[2019-10-26T22:42:01.976] [INFO] report - =============== NAND_3_S1_sim_T666.7_C37.3fF ===============
[2019-10-26T22:42:01.976] [INFO] report - FAIL | FAIL
[2019-10-26T22:42:01.976] [INFO] report - =============== NAND_3_S1_sim_T666.7_C74.6fF ===============
[2019-10-26T22:42:01.976] [INFO] report - FAIL | FAIL
[2019-10-26T22:43:44.426] [INFO] report - =============== NAND_3_S2_sim_T0_C149fF ===============
[2019-10-26T22:43:44.427] [INFO] report - tpdr=6.00754e-010 | tpdf=5.13698e-010
[2019-10-26T22:43:44.428] [INFO] report - =============== NAND_3_S2_sim ===============
[2019-10-26T22:43:44.428] [INFO] report - tpdr=8.73001e-010 | tpdf=7.75046e-010
[2019-10-26T22:43:44.428] [INFO] report - =============== NAND_3_S2_sim_T0_C298fF ===============
[2019-10-26T22:43:44.428] [INFO] report - tpdr=1.00252e-009 | tpdf=9.00824e-010
[2019-10-26T22:43:44.428] [INFO] report - =============== NAND_3_S2_sim_T0_C37.3fF ===============
[2019-10-26T22:43:44.428] [INFO] report - tpdr=2.82846e-010 | tpdf=1.87834e-010
[2019-10-26T22:43:44.428] [INFO] report - =============== NAND_3_S2_sim_T0_C74.6fF ===============
[2019-10-26T22:43:44.428] [INFO] report - tpdr=3.99031e-010 | tpdf=3.10985e-010
[2019-10-26T22:43:44.428] [INFO] report - =============== NAND_3_S2_sim_T1333.3_C149fF ===============
[2019-10-26T22:43:44.428] [INFO] report - FAIL | FAIL
[2019-10-26T22:43:44.428] [INFO] report - =============== NAND_3_S2_sim_T1333.3_C37.3fF ===============
[2019-10-26T22:43:44.428] [INFO] report - FAIL | FAIL
[2019-10-26T22:43:44.428] [INFO] report - =============== NAND_3_S2_sim_T1333.3_C298fF ===============
[2019-10-26T22:43:44.428] [INFO] report - FAIL | FAIL
[2019-10-26T22:43:44.428] [INFO] report - =============== NAND_3_S2_sim_T1333.3_C74.6fF ===============
[2019-10-26T22:43:44.428] [INFO] report - FAIL | FAIL
[2019-10-26T22:43:44.428] [INFO] report - =============== NAND_3_S2_sim_T166.7_C149fF ===============
[2019-10-26T22:43:44.428] [INFO] report - FAIL | FAIL
[2019-10-26T22:43:44.428] [INFO] report - =============== NAND_3_S2_sim_T166.7_C298fF ===============
[2019-10-26T22:43:44.428] [INFO] report - FAIL | FAIL
[2019-10-26T22:43:44.428] [INFO] report - =============== NAND_3_S2_sim_T166.7_C37.3fF ===============
[2019-10-26T22:43:44.428] [INFO] report - FAIL | FAIL
[2019-10-26T22:43:44.428] [INFO] report - =============== NAND_3_S2_sim_T166.7_C74.6fF ===============
[2019-10-26T22:43:44.428] [INFO] report - FAIL | FAIL
[2019-10-26T22:43:44.428] [INFO] report - =============== NAND_3_S2_sim_T1n_C149fF ===============
[2019-10-26T22:43:44.428] [INFO] report - tpdr=6.00754e-010 | tpdf=5.13698e-010
[2019-10-26T22:43:44.428] [INFO] report - =============== NAND_3_S2_sim_T1n_C298fF ===============
[2019-10-26T22:43:44.428] [INFO] report - tpdr=1.00252e-009 | tpdf=9.00824e-010
[2019-10-26T22:43:44.428] [INFO] report - =============== NAND_3_S2_sim_T1n_C37.3fF ===============
[2019-10-26T22:43:44.428] [INFO] report - tpdr=2.82846e-010 | tpdf=1.87834e-010
[2019-10-26T22:43:44.428] [INFO] report - =============== NAND_3_S2_sim_T1n_C74.6fF ===============
[2019-10-26T22:43:44.428] [INFO] report - tpdr=3.99031e-010 | tpdf=3.10985e-010
[2019-10-26T22:43:44.429] [INFO] report - =============== NAND_3_S2_sim_T666.7_C149fF ===============
[2019-10-26T22:43:44.429] [INFO] report - FAIL | FAIL
[2019-10-26T22:43:44.429] [INFO] report - =============== NAND_3_S2_sim_T666.7_C298fF ===============
[2019-10-26T22:43:44.429] [INFO] report - FAIL | FAIL
[2019-10-26T22:43:44.429] [INFO] report - =============== NAND_3_S2_sim_T666.7_C37.3fF ===============
[2019-10-26T22:43:44.429] [INFO] report - FAIL | FAIL
[2019-10-26T22:43:44.429] [INFO] report - =============== NAND_3_S2_sim_T666.7_C74.6fF ===============
[2019-10-26T22:43:44.429] [INFO] report - FAIL | FAIL
[2019-10-26T22:44:39.921] [INFO] report - =============== NAND_3_S4_sim ===============
[2019-10-26T22:44:39.922] [INFO] report - tpdr=3.93462e-010 | tpdf=3.08151e-010
[2019-10-26T22:44:39.922] [INFO] report - =============== NAND_3_S4_sim_T0_C149fF ===============
[2019-10-26T22:44:39.922] [INFO] report - tpdr=3.07459e-010 | tpdf=2.16725e-010
[2019-10-26T22:44:39.922] [INFO] report - =============== NAND_3_S4_sim_T0_C298fF ===============
[2019-10-26T22:44:39.922] [INFO] report - tpdr=4.30847e-010 | tpdf=3.4741e-010
[2019-10-26T22:44:39.922] [INFO] report - =============== NAND_3_S4_sim_T0_C37.3fF ===============
[2019-10-26T22:44:39.922] [INFO] report - tpdr=1.82079e-010 | tpdf=8.50034e-011
[2019-10-26T22:44:39.922] [INFO] report - =============== NAND_3_S4_sim_T0_C74.6fF ===============
[2019-10-26T22:44:39.922] [INFO] report - tpdr=2.3034e-010 | tpdf=1.35358e-010
[2019-10-26T22:44:39.922] [INFO] report - =============== NAND_3_S4_sim_T1333.3_C149fF ===============
[2019-10-26T22:44:39.922] [INFO] report - FAIL | FAIL
[2019-10-26T22:44:39.923] [INFO] report - =============== NAND_3_S4_sim_T1333.3_C298fF ===============
[2019-10-26T22:44:39.923] [INFO] report - FAIL | FAIL
[2019-10-26T22:44:39.923] [INFO] report - =============== NAND_3_S4_sim_T1333.3_C74.6fF ===============
[2019-10-26T22:44:39.923] [INFO] report - FAIL | FAIL
[2019-10-26T22:44:39.923] [INFO] report - =============== NAND_3_S4_sim_T1333.3_C37.3fF ===============
[2019-10-26T22:44:39.923] [INFO] report - FAIL | FAIL
[2019-10-26T22:44:39.923] [INFO] report - =============== NAND_3_S4_sim_T166.7_C149fF ===============
[2019-10-26T22:44:39.923] [INFO] report - FAIL | FAIL
[2019-10-26T22:44:39.923] [INFO] report - =============== NAND_3_S4_sim_T166.7_C298fF ===============
[2019-10-26T22:44:39.923] [INFO] report - FAIL | FAIL
[2019-10-26T22:44:39.923] [INFO] report - =============== NAND_3_S4_sim_T166.7_C37.3fF ===============
[2019-10-26T22:44:39.923] [INFO] report - FAIL | FAIL
[2019-10-26T22:44:39.923] [INFO] report - =============== NAND_3_S4_sim_T166.7_C74.6fF ===============
[2019-10-26T22:44:39.923] [INFO] report - FAIL | FAIL
[2019-10-26T22:44:39.923] [INFO] report - =============== NAND_3_S4_sim_T1n_C149fF ===============
[2019-10-26T22:44:39.923] [INFO] report - tpdr=3.07459e-010 | tpdf=2.16725e-010
[2019-10-26T22:44:39.923] [INFO] report - =============== NAND_3_S4_sim_T1n_C298fF ===============
[2019-10-26T22:44:39.923] [INFO] report - tpdr=4.30847e-010 | tpdf=3.4741e-010
[2019-10-26T22:44:39.923] [INFO] report - =============== NAND_3_S4_sim_T1n_C37.3fF ===============
[2019-10-26T22:44:39.923] [INFO] report - tpdr=1.82079e-010 | tpdf=8.50034e-011
[2019-10-26T22:44:39.923] [INFO] report - =============== NAND_3_S4_sim_T1n_C74.6fF ===============
[2019-10-26T22:44:39.923] [INFO] report - tpdr=2.3034e-010 | tpdf=1.35358e-010
[2019-10-26T22:44:39.923] [INFO] report - =============== NAND_3_S4_sim_T666.7_C149fF ===============
[2019-10-26T22:44:39.923] [INFO] report - FAIL | FAIL
[2019-10-26T22:44:39.923] [INFO] report - =============== NAND_3_S4_sim_T666.7_C298fF ===============
[2019-10-26T22:44:39.923] [INFO] report - FAIL | FAIL
[2019-10-26T22:44:39.923] [INFO] report - =============== NAND_3_S4_sim_T666.7_C37.3fF ===============
[2019-10-26T22:44:39.923] [INFO] report - FAIL | FAIL
[2019-10-26T22:44:39.923] [INFO] report - =============== NAND_3_S4_sim_T666.7_C74.6fF ===============
[2019-10-26T22:44:39.923] [INFO] report - FAIL | FAIL
[2019-10-26T22:45:27.896] [INFO] report - =============== NOR_3_S1_sim ===============
[2019-10-26T22:45:27.898] [INFO] report - tpdr=8.40092e-010 | tpdf=9.4389e-010
[2019-10-26T22:45:27.898] [INFO] report - =============== NOR_3_S1_sim_T0_C149fF ===============
[2019-10-26T22:45:27.898] [INFO] report - tpdr=5.73386e-010 | tpdf=6.37453e-010
[2019-10-26T22:45:27.898] [INFO] report - =============== NOR_3_S1_sim_T0_C298fF ===============
[2019-10-26T22:45:27.898] [INFO] report - tpdr=9.68381e-010 | tpdf=1.09184e-009
[2019-10-26T22:45:27.898] [INFO] report - =============== NOR_3_S1_sim_T0_C37.3fF ===============
[2019-10-26T22:45:27.898] [INFO] report - tpdr=2.52144e-010 | tpdf=2.90377e-010
[2019-10-26T22:45:27.898] [INFO] report - =============== NOR_3_S1_sim_T0_C74.6fF ===============
[2019-10-26T22:45:27.898] [INFO] report - tpdr=3.71559e-010 | tpdf=4.16496e-010
[2019-10-26T22:45:27.898] [INFO] report - =============== NOR_3_S1_sim_T1333.3_C149fF ===============
[2019-10-26T22:45:27.898] [INFO] report - FAIL | FAIL
[2019-10-26T22:45:27.898] [INFO] report - =============== NOR_3_S1_sim_T1333.3_C298fF ===============
[2019-10-26T22:45:27.898] [INFO] report - FAIL | FAIL
[2019-10-26T22:45:27.898] [INFO] report - =============== NOR_3_S1_sim_T1333.3_C37.3fF ===============
[2019-10-26T22:45:27.899] [INFO] report - FAIL | FAIL
[2019-10-26T22:45:27.899] [INFO] report - =============== NOR_3_S1_sim_T1333.3_C74.6fF ===============
[2019-10-26T22:45:27.899] [INFO] report - FAIL | FAIL
[2019-10-26T22:45:27.899] [INFO] report - =============== NOR_3_S1_sim_T166.7_C149fF ===============
[2019-10-26T22:45:27.899] [INFO] report - FAIL | FAIL
[2019-10-26T22:45:27.899] [INFO] report - =============== NOR_3_S1_sim_T166.7_C298fF ===============
[2019-10-26T22:45:27.899] [INFO] report - FAIL | FAIL
[2019-10-26T22:45:27.899] [INFO] report - =============== NOR_3_S1_sim_T166.7_C37.3fF ===============
[2019-10-26T22:45:27.899] [INFO] report - FAIL | FAIL
[2019-10-26T22:45:27.899] [INFO] report - =============== NOR_3_S1_sim_T166.7_C74.6fF ===============
[2019-10-26T22:45:27.899] [INFO] report - FAIL | FAIL
[2019-10-26T22:45:27.899] [INFO] report - =============== NOR_3_S1_sim_T1n_C149fF ===============
[2019-10-26T22:45:27.899] [INFO] report - tpdr=5.73386e-010 | tpdf=6.37453e-010
[2019-10-26T22:45:27.899] [INFO] report - =============== NOR_3_S1_sim_T1n_C298fF ===============
[2019-10-26T22:45:27.899] [INFO] report - tpdr=9.68381e-010 | tpdf=1.09184e-009
[2019-10-26T22:45:27.899] [INFO] report - =============== NOR_3_S1_sim_T1n_C37.3fF ===============
[2019-10-26T22:45:27.899] [INFO] report - tpdr=2.52144e-010 | tpdf=2.90377e-010
[2019-10-26T22:45:27.899] [INFO] report - =============== NOR_3_S1_sim_T1n_C74.6fF ===============
[2019-10-26T22:45:27.899] [INFO] report - tpdr=3.71559e-010 | tpdf=4.16496e-010
[2019-10-26T22:45:27.899] [INFO] report - =============== NOR_3_S1_sim_T666.7_C149fF ===============
[2019-10-26T22:45:27.899] [INFO] report - FAIL | FAIL
[2019-10-26T22:45:27.899] [INFO] report - =============== NOR_3_S1_sim_T666.7_C298fF ===============
[2019-10-26T22:45:27.899] [INFO] report - FAIL | FAIL
[2019-10-26T22:45:27.899] [INFO] report - =============== NOR_3_S1_sim_T666.7_C37.3fF ===============
[2019-10-26T22:45:27.899] [INFO] report - FAIL | FAIL
[2019-10-26T22:45:27.899] [INFO] report - =============== NOR_3_S1_sim_T666.7_C74.6fF ===============
[2019-10-26T22:45:27.899] [INFO] report - FAIL | FAIL
[2019-10-26T22:46:29.138] [INFO] report - =============== NOR_3_S2_sim ===============
[2019-10-26T22:46:29.140] [INFO] report - tpdr=5.18274e-010 | tpdf=6.7048e-010
[2019-10-26T22:46:29.140] [INFO] report - =============== NOR_3_S2_sim_T0_C149fF ===============
[2019-10-26T22:46:29.140] [INFO] report - tpdr=3.71336e-010 | tpdf=4.84037e-010
[2019-10-26T22:46:29.140] [INFO] report - =============== NOR_3_S2_sim_T0_C298fF ===============
[2019-10-26T22:46:29.140] [INFO] report - tpdr=5.85386e-010 | tpdf=7.61392e-010
[2019-10-26T22:46:29.140] [INFO] report - =============== NOR_3_S2_sim_T0_C37.3fF ===============
[2019-10-26T22:46:29.140] [INFO] report - tpdr=1.62396e-010 | tpdf=2.52262e-010
[2019-10-26T22:46:29.140] [INFO] report - =============== NOR_3_S2_sim_T0_C74.6fF ===============
[2019-10-26T22:46:29.140] [INFO] report - tpdr=2.43901e-010 | tpdf=3.39145e-010
[2019-10-26T22:46:29.140] [INFO] report - =============== NOR_3_S2_sim_T1333.3_C149fF ===============
[2019-10-26T22:46:29.140] [INFO] report - FAIL | FAIL
[2019-10-26T22:46:29.140] [INFO] report - =============== NOR_3_S2_sim_T1333.3_C298fF ===============
[2019-10-26T22:46:29.140] [INFO] report - FAIL | FAIL
[2019-10-26T22:46:29.140] [INFO] report - =============== NOR_3_S2_sim_T1333.3_C37.3fF ===============
[2019-10-26T22:46:29.141] [INFO] report - FAIL | FAIL
[2019-10-26T22:46:29.141] [INFO] report - =============== NOR_3_S2_sim_T1333.3_C74.6fF ===============
[2019-10-26T22:46:29.141] [INFO] report - FAIL | FAIL
[2019-10-26T22:46:29.141] [INFO] report - =============== NOR_3_S2_sim_T166.7_C149fF ===============
[2019-10-26T22:46:29.141] [INFO] report - FAIL | FAIL
[2019-10-26T22:46:29.141] [INFO] report - =============== NOR_3_S2_sim_T166.7_C298fF ===============
[2019-10-26T22:46:29.141] [INFO] report - FAIL | FAIL
[2019-10-26T22:46:29.141] [INFO] report - =============== NOR_3_S2_sim_T166.7_C37.3fF ===============
[2019-10-26T22:46:29.141] [INFO] report - FAIL | FAIL
[2019-10-26T22:46:29.141] [INFO] report - =============== NOR_3_S2_sim_T166.7_C74.6fF ===============
[2019-10-26T22:46:29.141] [INFO] report - FAIL | FAIL
[2019-10-26T22:46:29.141] [INFO] report - =============== NOR_3_S2_sim_T1n_C149fF ===============
[2019-10-26T22:46:29.141] [INFO] report - tpdr=3.71336e-010 | tpdf=4.84037e-010
[2019-10-26T22:46:29.141] [INFO] report - =============== NOR_3_S2_sim_T1n_C298fF ===============
[2019-10-26T22:46:29.141] [INFO] report - tpdr=5.85386e-010 | tpdf=7.61392e-010
[2019-10-26T22:46:29.141] [INFO] report - =============== NOR_3_S2_sim_T1n_C37.3fF ===============
[2019-10-26T22:46:29.141] [INFO] report - tpdr=1.62396e-010 | tpdf=2.52262e-010
[2019-10-26T22:46:29.141] [INFO] report - =============== NOR_3_S2_sim_T1n_C74.6fF ===============
[2019-10-26T22:46:29.141] [INFO] report - tpdr=2.43901e-010 | tpdf=3.39145e-010
[2019-10-26T22:46:29.141] [INFO] report - =============== NOR_3_S2_sim_T666.7_C149fF ===============
[2019-10-26T22:46:29.141] [INFO] report - FAIL | FAIL
[2019-10-26T22:46:29.141] [INFO] report - =============== NOR_3_S2_sim_T666.7_C298fF ===============
[2019-10-26T22:46:29.141] [INFO] report - FAIL | FAIL
[2019-10-26T22:46:29.141] [INFO] report - =============== NOR_3_S2_sim_T666.7_C37.3fF ===============
[2019-10-26T22:46:29.141] [INFO] report - FAIL | FAIL
[2019-10-26T22:46:29.141] [INFO] report - =============== NOR_3_S2_sim_T666.7_C74.6fF ===============
[2019-10-26T22:46:29.141] [INFO] report - FAIL | FAIL
[2019-10-26T22:47:25.282] [INFO] report - =============== NOR_3_S4_sim ===============
[2019-10-26T22:47:25.284] [INFO] report - tpdr=3.29171e-010 | tpdf=4.74058e-010
[2019-10-26T22:47:25.284] [INFO] report - =============== NOR_3_S4_sim_T0_C149fF ===============
[2019-10-26T22:47:25.284] [INFO] report - tpdr=2.37103e-010 | tpdf=3.65872e-010
[2019-10-26T22:47:25.284] [INFO] report - =============== NOR_3_S4_sim_T0_C298fF ===============
[2019-10-26T22:47:25.284] [INFO] report - tpdr=3.68232e-010 | tpdf=5.22873e-010
[2019-10-26T22:47:25.284] [INFO] report - =============== NOR_3_S4_sim_T0_C37.3fF ===============
[2019-10-26T22:47:25.284] [INFO] report - tpdr=9.95426e-011 | tpdf=2.19705e-010
[2019-10-26T22:47:25.284] [INFO] report - =============== NOR_3_S4_sim_T0_C74.6fF ===============
[2019-10-26T22:47:25.284] [INFO] report - tpdr=1.5274e-010 | tpdf=2.75001e-010
[2019-10-26T22:47:25.284] [INFO] report - =============== NOR_3_S4_sim_T1333.3_C298fF ===============
[2019-10-26T22:47:25.284] [INFO] report - FAIL | FAIL
[2019-10-26T22:47:25.284] [INFO] report - =============== NOR_3_S4_sim_T1333.3_C149fF ===============
[2019-10-26T22:47:25.284] [INFO] report - FAIL | FAIL
[2019-10-26T22:47:25.284] [INFO] report - =============== NOR_3_S4_sim_T1333.3_C37.3fF ===============
[2019-10-26T22:47:25.284] [INFO] report - FAIL | FAIL
[2019-10-26T22:47:25.284] [INFO] report - =============== NOR_3_S4_sim_T1333.3_C74.6fF ===============
[2019-10-26T22:47:25.284] [INFO] report - FAIL | FAIL
[2019-10-26T22:47:25.284] [INFO] report - =============== NOR_3_S4_sim_T166.7_C149fF ===============
[2019-10-26T22:47:25.284] [INFO] report - FAIL | FAIL
[2019-10-26T22:47:25.284] [INFO] report - =============== NOR_3_S4_sim_T166.7_C298fF ===============
[2019-10-26T22:47:25.285] [INFO] report - FAIL | FAIL
[2019-10-26T22:47:25.285] [INFO] report - =============== NOR_3_S4_sim_T166.7_C37.3fF ===============
[2019-10-26T22:47:25.285] [INFO] report - FAIL | FAIL
[2019-10-26T22:47:25.285] [INFO] report - =============== NOR_3_S4_sim_T166.7_C74.6fF ===============
[2019-10-26T22:47:25.285] [INFO] report - FAIL | FAIL
[2019-10-26T22:47:25.285] [INFO] report - =============== NOR_3_S4_sim_T1n_C149fF ===============
[2019-10-26T22:47:25.285] [INFO] report - tpdr=2.37103e-010 | tpdf=3.65872e-010
[2019-10-26T22:47:25.285] [INFO] report - =============== NOR_3_S4_sim_T1n_C298fF ===============
[2019-10-26T22:47:25.285] [INFO] report - tpdr=3.68232e-010 | tpdf=5.22873e-010
[2019-10-26T22:47:25.285] [INFO] report - =============== NOR_3_S4_sim_T1n_C37.3fF ===============
[2019-10-26T22:47:25.285] [INFO] report - tpdr=9.95426e-011 | tpdf=2.19705e-010
[2019-10-26T22:47:25.285] [INFO] report - =============== NOR_3_S4_sim_T1n_C74.6fF ===============
[2019-10-26T22:47:25.285] [INFO] report - tpdr=1.5274e-010 | tpdf=2.75001e-010
[2019-10-26T22:47:25.285] [INFO] report - =============== NOR_3_S4_sim_T666.7_C149fF ===============
[2019-10-26T22:47:25.285] [INFO] report - FAIL | FAIL
[2019-10-26T22:47:25.285] [INFO] report - =============== NOR_3_S4_sim_T666.7_C298fF ===============
[2019-10-26T22:47:25.285] [INFO] report - FAIL | FAIL
[2019-10-26T22:47:25.285] [INFO] report - =============== NOR_3_S4_sim_T666.7_C37.3fF ===============
[2019-10-26T22:47:25.285] [INFO] report - FAIL | FAIL
[2019-10-26T22:47:25.285] [INFO] report - =============== NOR_3_S4_sim_T666.7_C74.6fF ===============
[2019-10-26T22:47:25.285] [INFO] report - FAIL | FAIL
[2019-10-26T22:48:05.149] [INFO] report - =============== Tri-State-inverter_S1_sim ===============
[2019-10-26T22:48:05.151] [INFO] report - tpdr=7.8579e-010 | tpdf=7.67338e-010
[2019-10-26T22:48:05.151] [INFO] report - =============== Tri-State-inverter_S1_sim_T0_C149fF ===============
[2019-10-26T22:48:05.151] [INFO] report - tpdr=5.14897e-010 | tpdf=4.9457e-010
[2019-10-26T22:48:05.151] [INFO] report - =============== Tri-State-inverter_S1_sim_T0_C298fF ===============
[2019-10-26T22:48:05.151] [INFO] report - tpdr=9.17372e-010 | tpdf=9.00212e-010
[2019-10-26T22:48:05.151] [INFO] report - =============== Tri-State-inverter_S1_sim_T0_C37.3fF ===============
[2019-10-26T22:48:05.151] [INFO] report - tpdr=2.14774e-010 | tpdf=1.94356e-010
[2019-10-26T22:48:05.151] [INFO] report - =============== Tri-State-inverter_S1_sim_T0_C74.6fF ===============
[2019-10-26T22:48:05.151] [INFO] report - tpdr=3.23055e-010 | tpdf=3.00887e-010
[2019-10-26T22:48:05.151] [INFO] report - =============== Tri-State-inverter_S1_sim_T1333.3_C149fF ===============
[2019-10-26T22:48:05.151] [INFO] report - FAIL | FAIL
[2019-10-26T22:48:05.151] [INFO] report - =============== Tri-State-inverter_S1_sim_T1333.3_C298fF ===============
[2019-10-26T22:48:05.151] [INFO] report - FAIL | FAIL
[2019-10-26T22:48:05.151] [INFO] report - =============== Tri-State-inverter_S1_sim_T1333.3_C37.3fF ===============
[2019-10-26T22:48:05.151] [INFO] report - FAIL | FAIL
[2019-10-26T22:48:05.151] [INFO] report - =============== Tri-State-inverter_S1_sim_T1333.3_C74.6fF ===============
[2019-10-26T22:48:05.151] [INFO] report - FAIL | FAIL
[2019-10-26T22:48:05.151] [INFO] report - =============== Tri-State-inverter_S1_sim_T166.7_C149fF ===============
[2019-10-26T22:48:05.151] [INFO] report - FAIL | FAIL
[2019-10-26T22:48:05.152] [INFO] report - =============== Tri-State-inverter_S1_sim_T166.7_C298fF ===============
[2019-10-26T22:48:05.152] [INFO] report - FAIL | FAIL
[2019-10-26T22:48:05.152] [INFO] report - =============== Tri-State-inverter_S1_sim_T166.7_C74.6fF ===============
[2019-10-26T22:48:05.152] [INFO] report - FAIL | FAIL
[2019-10-26T22:48:05.152] [INFO] report - =============== Tri-State-inverter_S1_sim_T1n_C149fF ===============
[2019-10-26T22:48:05.152] [INFO] report - tpdr=5.14897e-010 | tpdf=4.9457e-010
[2019-10-26T22:48:05.152] [INFO] report - =============== Tri-State-inverter_S1_sim_T1n_C298fF ===============
[2019-10-26T22:48:05.152] [INFO] report - tpdr=9.17372e-010 | tpdf=9.00212e-010
[2019-10-26T22:48:05.152] [INFO] report - =============== Tri-State-inverter_S1_sim_T166.7_C37.3fF ===============
[2019-10-26T22:48:05.152] [INFO] report - FAIL | FAIL
[2019-10-26T22:48:05.152] [INFO] report - =============== Tri-State-inverter_S1_sim_T1n_C37.3fF ===============
[2019-10-26T22:48:05.152] [INFO] report - tpdr=2.14774e-010 | tpdf=1.94356e-010
[2019-10-26T22:48:05.152] [INFO] report - =============== Tri-State-inverter_S1_sim_T1n_C74.6fF ===============
[2019-10-26T22:48:05.152] [INFO] report - tpdr=3.23055e-010 | tpdf=3.00887e-010
[2019-10-26T22:48:05.152] [INFO] report - =============== Tri-State-inverter_S1_sim_T666.7_C149fF ===============
[2019-10-26T22:48:05.152] [INFO] report - FAIL | FAIL
[2019-10-26T22:48:05.152] [INFO] report - =============== Tri-State-inverter_S1_sim_T666.7_C37.3fF ===============
[2019-10-26T22:48:05.152] [INFO] report - FAIL | FAIL
[2019-10-26T22:48:05.152] [INFO] report - =============== Tri-State-inverter_S1_sim_T666.7_C74.6fF ===============
[2019-10-26T22:48:05.152] [INFO] report - FAIL | FAIL
[2019-10-26T22:48:05.152] [INFO] report - =============== Tri-State-inverter_S1_sim_T666.7_C298fF ===============
[2019-10-26T22:48:05.152] [INFO] report - FAIL | FAIL
[2019-10-26T22:48:58.754] [INFO] report - =============== Tri-State-inverter_S2_sim_T0_C149fF ===============
[2019-10-26T22:48:58.756] [INFO] report - tpdr=3.16973e-010 | tpdf=3.33462e-010
[2019-10-26T22:48:58.756] [INFO] report - =============== Tri-State-inverter_S2_sim ===============
[2019-10-26T22:48:58.756] [INFO] report - tpdr=4.50361e-010 | tpdf=4.7724e-010
[2019-10-26T22:48:58.756] [INFO] report - =============== Tri-State-inverter_S2_sim_T0_C298fF ===============
[2019-10-26T22:48:58.756] [INFO] report - tpdr=5.13564e-010 | tpdf=5.47619e-010
[2019-10-26T22:48:58.756] [INFO] report - =============== Tri-State-inverter_S2_sim_T0_C37.3fF ===============
[2019-10-26T22:48:58.756] [INFO] report - tpdr=1.39314e-010 | tpdf=1.55676e-010
[2019-10-26T22:48:58.756] [INFO] report - =============== Tri-State-inverter_S2_sim_T0_C74.6fF ===============
[2019-10-26T22:48:58.756] [INFO] report - tpdr=2.05504e-010 | tpdf=2.20733e-010
[2019-10-26T22:48:58.756] [INFO] report - =============== Tri-State-inverter_S2_sim_T1333.3_C149fF ===============
[2019-10-26T22:48:58.756] [INFO] report - FAIL | FAIL
[2019-10-26T22:48:58.756] [INFO] report - =============== Tri-State-inverter_S2_sim_T1333.3_C298fF ===============
[2019-10-26T22:48:58.756] [INFO] report - FAIL | FAIL
[2019-10-26T22:48:58.756] [INFO] report - =============== Tri-State-inverter_S2_sim_T1333.3_C37.3fF ===============
[2019-10-26T22:48:58.756] [INFO] report - FAIL | FAIL
[2019-10-26T22:48:58.756] [INFO] report - =============== Tri-State-inverter_S2_sim_T166.7_C149fF ===============
[2019-10-26T22:48:58.756] [INFO] report - FAIL | FAIL
[2019-10-26T22:48:58.756] [INFO] report - =============== Tri-State-inverter_S2_sim_T1333.3_C74.6fF ===============
[2019-10-26T22:48:58.756] [INFO] report - FAIL | FAIL
[2019-10-26T22:48:58.757] [INFO] report - =============== Tri-State-inverter_S2_sim_T166.7_C298fF ===============
[2019-10-26T22:48:58.757] [INFO] report - FAIL | FAIL
[2019-10-26T22:48:58.757] [INFO] report - =============== Tri-State-inverter_S2_sim_T166.7_C37.3fF ===============
[2019-10-26T22:48:58.757] [INFO] report - FAIL | FAIL
[2019-10-26T22:48:58.757] [INFO] report - =============== Tri-State-inverter_S2_sim_T166.7_C74.6fF ===============
[2019-10-26T22:48:58.757] [INFO] report - FAIL | FAIL
[2019-10-26T22:48:58.757] [INFO] report - =============== Tri-State-inverter_S2_sim_T1n_C149fF ===============
[2019-10-26T22:48:58.757] [INFO] report - tpdr=3.16973e-010 | tpdf=3.33462e-010
[2019-10-26T22:48:58.757] [INFO] report - =============== Tri-State-inverter_S2_sim_T1n_C298fF ===============
[2019-10-26T22:48:58.757] [INFO] report - tpdr=5.13564e-010 | tpdf=5.47619e-010
[2019-10-26T22:48:58.757] [INFO] report - =============== Tri-State-inverter_S2_sim_T1n_C37.3fF ===============
[2019-10-26T22:48:58.757] [INFO] report - tpdr=1.39314e-010 | tpdf=1.55676e-010
[2019-10-26T22:48:58.757] [INFO] report - =============== Tri-State-inverter_S2_sim_T1n_C74.6fF ===============
[2019-10-26T22:48:58.757] [INFO] report - tpdr=2.05504e-010 | tpdf=2.20733e-010
[2019-10-26T22:48:58.757] [INFO] report - =============== Tri-State-inverter_S2_sim_T666.7_C149fF ===============
[2019-10-26T22:48:58.757] [INFO] report - FAIL | FAIL
[2019-10-26T22:48:58.757] [INFO] report - =============== Tri-State-inverter_S2_sim_T666.7_C298fF ===============
[2019-10-26T22:48:58.757] [INFO] report - FAIL | FAIL
[2019-10-26T22:48:58.757] [INFO] report - =============== Tri-State-inverter_S2_sim_T666.7_C37.3fF ===============
[2019-10-26T22:48:58.757] [INFO] report - FAIL | FAIL
[2019-10-26T22:48:58.757] [INFO] report - =============== Tri-State-inverter_S2_sim_T666.7_C74.6fF ===============
[2019-10-26T22:48:58.757] [INFO] report - FAIL | FAIL
[2019-10-26T22:50:56.861] [INFO] report - =============== Tri-State-inverter_S4_sim_T0_C149fF ===============
[2019-10-26T22:50:56.863] [INFO] report - tpdr=2.03913e-010 | tpdf=2.32213e-010
[2019-10-26T22:50:56.863] [INFO] report - =============== Tri-State-inverter_S4_sim ===============
[2019-10-26T22:50:56.863] [INFO] report - tpdr=2.83544e-010 | tpdf=3.12947e-010
[2019-10-26T22:50:56.863] [INFO] report - =============== Tri-State-inverter_S4_sim_T0_C298fF ===============
[2019-10-26T22:50:56.863] [INFO] report - tpdr=3.18253e-010 | tpdf=3.49363e-010
[2019-10-26T22:50:56.863] [INFO] report - =============== Tri-State-inverter_S4_sim_T0_C37.3fF ===============
[2019-10-26T22:50:56.863] [INFO] report - tpdr=9.70534e-011 | tpdf=1.27569e-010
[2019-10-26T22:50:56.863] [INFO] report - =============== Tri-State-inverter_S4_sim_T0_C74.6fF ===============
[2019-10-26T22:50:56.863] [INFO] report - tpdr=1.36175e-010 | tpdf=1.65732e-010
[2019-10-26T22:50:56.863] [INFO] report - =============== Tri-State-inverter_S4_sim_T1333.3_C149fF ===============
[2019-10-26T22:50:56.863] [INFO] report - FAIL | FAIL
[2019-10-26T22:50:56.863] [INFO] report - =============== Tri-State-inverter_S4_sim_T1333.3_C298fF ===============
[2019-10-26T22:50:56.863] [INFO] report - FAIL | FAIL
[2019-10-26T22:50:56.863] [INFO] report - =============== Tri-State-inverter_S4_sim_T1333.3_C37.3fF ===============
[2019-10-26T22:50:56.863] [INFO] report - FAIL | FAIL
[2019-10-26T22:50:56.863] [INFO] report - =============== Tri-State-inverter_S4_sim_T1333.3_C74.6fF ===============
[2019-10-26T22:50:56.863] [INFO] report - FAIL | FAIL
[2019-10-26T22:50:56.863] [INFO] report - =============== Tri-State-inverter_S4_sim_T166.7_C149fF ===============
[2019-10-26T22:50:56.864] [INFO] report - FAIL | FAIL
[2019-10-26T22:50:56.864] [INFO] report - =============== Tri-State-inverter_S4_sim_T166.7_C298fF ===============
[2019-10-26T22:50:56.864] [INFO] report - FAIL | FAIL
[2019-10-26T22:50:56.864] [INFO] report - =============== Tri-State-inverter_S4_sim_T166.7_C37.3fF ===============
[2019-10-26T22:50:56.864] [INFO] report - FAIL | FAIL
[2019-10-26T22:50:56.864] [INFO] report - =============== Tri-State-inverter_S4_sim_T166.7_C74.6fF ===============
[2019-10-26T22:50:56.864] [INFO] report - FAIL | FAIL
[2019-10-26T22:50:56.864] [INFO] report - =============== Tri-State-inverter_S4_sim_T1n_C149fF ===============
[2019-10-26T22:50:56.864] [INFO] report - tpdr=2.03913e-010 | tpdf=2.32213e-010
[2019-10-26T22:50:56.864] [INFO] report - =============== Tri-State-inverter_S4_sim_T1n_C298fF ===============
[2019-10-26T22:50:56.864] [INFO] report - tpdr=3.18253e-010 | tpdf=3.49363e-010
[2019-10-26T22:50:56.864] [INFO] report - =============== Tri-State-inverter_S4_sim_T1n_C37.3fF ===============
[2019-10-26T22:50:56.864] [INFO] report - tpdr=9.70534e-011 | tpdf=1.27569e-010
[2019-10-26T22:50:56.864] [INFO] report - =============== Tri-State-inverter_S4_sim_T1n_C74.6fF ===============
[2019-10-26T22:50:56.864] [INFO] report - tpdr=1.36175e-010 | tpdf=1.65732e-010
[2019-10-26T22:50:56.864] [INFO] report - =============== Tri-State-inverter_S4_sim_T666.7_C149fF ===============
[2019-10-26T22:50:56.864] [INFO] report - FAIL | FAIL
[2019-10-26T22:50:56.864] [INFO] report - =============== Tri-State-inverter_S4_sim_T666.7_C298fF ===============
[2019-10-26T22:50:56.864] [INFO] report - FAIL | FAIL
[2019-10-26T22:50:56.864] [INFO] report - =============== Tri-State-inverter_S4_sim_T666.7_C37.3fF ===============
[2019-10-26T22:50:56.864] [INFO] report - FAIL | FAIL
[2019-10-26T22:50:56.864] [INFO] report - =============== Tri-State-inverter_S4_sim_T666.7_C74.6fF ===============
[2019-10-26T22:50:56.864] [INFO] report - FAIL | FAIL
[2019-10-26T22:52:09.126] [INFO] report - =============== Tri-State-inverter_S8_sim ===============
[2019-10-26T22:52:09.127] [INFO] report - tpdr=1.83105e-010 | tpdf=2.16417e-010
[2019-10-26T22:52:09.128] [INFO] report - =============== Tri-State-inverter_S8_sim_T0_C298fF ===============
[2019-10-26T22:52:09.128] [INFO] report - tpdr=2.04231e-010 | tpdf=2.37389e-010
[2019-10-26T22:52:09.128] [INFO] report - =============== Tri-State-inverter_S8_sim_T0_C37.3fF ===============
[2019-10-26T22:52:09.128] [INFO] report - tpdr=7.30517e-011 | tpdf=1.09346e-010
[2019-10-26T22:52:09.128] [INFO] report - =============== Tri-State-inverter_S8_sim_T0_C149fF ===============
[2019-10-26T22:52:09.128] [INFO] report - tpdr=1.35345e-010 | tpdf=1.69233e-010
[2019-10-26T22:52:09.128] [INFO] report - =============== Tri-State-inverter_S8_sim_T0_C74.6fF ===============
[2019-10-26T22:52:09.128] [INFO] report - tpdr=9.54565e-011 | tpdf=1.30278e-010
[2019-10-26T22:52:09.128] [INFO] report - =============== Tri-State-inverter_S8_sim_T1333.3_C149fF ===============
[2019-10-26T22:52:09.128] [INFO] report - FAIL | FAIL
[2019-10-26T22:52:09.128] [INFO] report - =============== Tri-State-inverter_S8_sim_T1333.3_C298fF ===============
[2019-10-26T22:52:09.128] [INFO] report - FAIL | FAIL
[2019-10-26T22:52:09.128] [INFO] report - =============== Tri-State-inverter_S8_sim_T1333.3_C37.3fF ===============
[2019-10-26T22:52:09.128] [INFO] report - FAIL | FAIL
[2019-10-26T22:52:09.128] [INFO] report - =============== Tri-State-inverter_S8_sim_T1333.3_C74.6fF ===============
[2019-10-26T22:52:09.128] [INFO] report - FAIL | FAIL
[2019-10-26T22:52:09.128] [INFO] report - =============== Tri-State-inverter_S8_sim_T166.7_C149fF ===============
[2019-10-26T22:52:09.128] [INFO] report - FAIL | FAIL
[2019-10-26T22:52:09.128] [INFO] report - =============== Tri-State-inverter_S8_sim_T166.7_C298fF ===============
[2019-10-26T22:52:09.128] [INFO] report - FAIL | FAIL
[2019-10-26T22:52:09.128] [INFO] report - =============== Tri-State-inverter_S8_sim_T166.7_C37.3fF ===============
[2019-10-26T22:52:09.128] [INFO] report - FAIL | FAIL
[2019-10-26T22:52:09.128] [INFO] report - =============== Tri-State-inverter_S8_sim_T166.7_C74.6fF ===============
[2019-10-26T22:52:09.128] [INFO] report - FAIL | FAIL
[2019-10-26T22:52:09.128] [INFO] report - =============== Tri-State-inverter_S8_sim_T1n_C149fF ===============
[2019-10-26T22:52:09.129] [INFO] report - tpdr=1.35345e-010 | tpdf=1.69233e-010
[2019-10-26T22:52:09.129] [INFO] report - =============== Tri-State-inverter_S8_sim_T1n_C298fF ===============
[2019-10-26T22:52:09.129] [INFO] report - tpdr=2.04231e-010 | tpdf=2.37389e-010
[2019-10-26T22:52:09.129] [INFO] report - =============== Tri-State-inverter_S8_sim_T1n_C74.6fF ===============
[2019-10-26T22:52:09.129] [INFO] report - tpdr=9.54565e-011 | tpdf=1.30278e-010
[2019-10-26T22:52:09.129] [INFO] report - =============== Tri-State-inverter_S8_sim_T1n_C37.3fF ===============
[2019-10-26T22:52:09.129] [INFO] report - tpdr=7.30517e-011 | tpdf=1.09346e-010
[2019-10-26T22:52:09.129] [INFO] report - =============== Tri-State-inverter_S8_sim_T666.7_C149fF ===============
[2019-10-26T22:52:09.129] [INFO] report - FAIL | FAIL
[2019-10-26T22:52:09.129] [INFO] report - =============== Tri-State-inverter_S8_sim_T666.7_C298fF ===============
[2019-10-26T22:52:09.129] [INFO] report - FAIL | FAIL
[2019-10-26T22:52:09.129] [INFO] report - =============== Tri-State-inverter_S8_sim_T666.7_C37.3fF ===============
[2019-10-26T22:52:09.129] [INFO] report - FAIL | FAIL
[2019-10-26T22:52:09.129] [INFO] report - =============== Tri-State-inverter_S8_sim_T666.7_C74.6fF ===============
[2019-10-26T22:52:09.129] [INFO] report - FAIL | FAIL